<testsuites id="" name="" tests="27" failures="0" skipped="27" errors="0" time="0.12629899999999997">
<testsuite name="login.spec.ts" timestamp="2026-03-14T05:18:33.362Z" hostname="Desktop Chrome" tests="4" failures="0" skipped="4" time="0" errors="0">
<testcase name="Login &amp; Authentication › happy path: login with valid credentials" classname="login.spec.ts" time="0">
<skipped>
</skipped>
</testcase>
<testcase name="Login &amp; Authentication › invalid credentials: shows error message" classname="login.spec.ts" time="0">
<skipped>
</skipped>
</testcase>
<testcase name="Login &amp; Authentication › empty email: shows validation error" classname="login.spec.ts" time="0">
<skipped>
</skipped>
</testcase>
<testcase name="Login &amp; Authentication › empty password: shows validation error" classname="login.spec.ts" time="0">
<skipped>
</skipped>
</testcase>
</testsuite>
<testsuite name="wallet.spec.ts" timestamp="2026-03-14T05:18:33.362Z" hostname="Desktop Chrome" tests="5" failures="0" skipped="5" time="0" errors="0">
<testcase name="Wallet — Add Bank Details › happy path: add bank details successfully" classname="wallet.spec.ts" time="0">
<skipped>
</skipped>
</testcase>
<testcase name="Wallet — Add Bank Details › validation: submit with empty fields shows errors" classname="wallet.spec.ts" time="0">
<skipped>
</skipped>
</testcase>
<testcase name="Wallet — Add Bank Details › SWIFT autofill: bank name fills in from SWIFT code" classname="wallet.spec.ts" time="0">
<skipped>
</skipped>
</testcase>
<testcase name="Wallet — Add Bank Details › validation: invalid SWIFT code shows error" classname="wallet.spec.ts" time="0">
<skipped>
</skipped>
</testcase>
<testcase name="Wallet — Add Bank Details › modal can be closed without saving" classname="wallet.spec.ts" time="0">
<skipped>
</skipped>
</testcase>
</testsuite>
<testsuite name="login.spec.ts" timestamp="2026-03-14T05:18:33.362Z" hostname="Desktop Firefox" tests="4" failures="0" skipped="4" time="0" errors="0">
<testcase name="Login &amp; Authentication › happy path: login with valid credentials" classname="login.spec.ts" time="0">
<skipped>
</skipped>
</testcase>
<testcase name="Login &amp; Authentication › invalid credentials: shows error message" classname="login.spec.ts" time="0">
<skipped>
</skipped>
</testcase>
<testcase name="Login &amp; Authentication › empty email: shows validation error" classname="login.spec.ts" time="0">
<skipped>
</skipped>
</testcase>
<testcase name="Login &amp; Authentication › empty password: shows validation error" classname="login.spec.ts" time="0">
<skipped>
</skipped>
</testcase>
</testsuite>
<testsuite name="wallet.spec.ts" timestamp="2026-03-14T05:18:33.362Z" hostname="Desktop Firefox" tests="5" failures="0" skipped="5" time="0" errors="0">
<testcase name="Wallet — Add Bank Details › happy path: add bank details successfully" classname="wallet.spec.ts" time="0">
<skipped>
</skipped>
</testcase>
<testcase name="Wallet — Add Bank Details › validation: submit with empty fields shows errors" classname="wallet.spec.ts" time="0">
<skipped>
</skipped>
</testcase>
<testcase name="Wallet — Add Bank Details › SWIFT autofill: bank name fills in from SWIFT code" classname="wallet.spec.ts" time="0">
<skipped>
</skipped>
</testcase>
<testcase name="Wallet — Add Bank Details › validation: invalid SWIFT code shows error" classname="wallet.spec.ts" time="0">
<skipped>
</skipped>
</testcase>
<testcase name="Wallet — Add Bank Details › modal can be closed without saving" classname="wallet.spec.ts" time="0">
<skipped>
</skipped>
</testcase>
</testsuite>
<testsuite name="login.spec.ts" timestamp="2026-03-14T05:18:33.362Z" hostname="Mobile Safari" tests="4" failures="0" skipped="4" time="0" errors="0">
<testcase name="Login &amp; Authentication › happy path: login with valid credentials" classname="login.spec.ts" time="0">
<skipped>
</skipped>
</testcase>
<testcase name="Login &amp; Authentication › invalid credentials: shows error message" classname="login.spec.ts" time="0">
<skipped>
</skipped>
</testcase>
<testcase name="Login &amp; Authentication › empty email: shows validation error" classname="login.spec.ts" time="0">
<skipped>
</skipped>
</testcase>
<testcase name="Login &amp; Authentication › empty password: shows validation error" classname="login.spec.ts" time="0">
<skipped>
</skipped>
</testcase>
</testsuite>
<testsuite name="wallet.spec.ts" timestamp="2026-03-14T05:18:33.362Z" hostname="Mobile Safari" tests="5" failures="0" skipped="5" time="0" errors="0">
<testcase name="Wallet — Add Bank Details › happy path: add bank details successfully" classname="wallet.spec.ts" time="0">
<skipped>
</skipped>
</testcase>
<testcase name="Wallet — Add Bank Details › validation: submit with empty fields shows errors" classname="wallet.spec.ts" time="0">
<skipped>
</skipped>
</testcase>
<testcase name="Wallet — Add Bank Details › SWIFT autofill: bank name fills in from SWIFT code" classname="wallet.spec.ts" time="0">
<skipped>
</skipped>
</testcase>
<testcase name="Wallet — Add Bank Details › validation: invalid SWIFT code shows error" classname="wallet.spec.ts" time="0">
<skipped>
</skipped>
</testcase>
<testcase name="Wallet — Add Bank Details › modal can be closed without saving" classname="wallet.spec.ts" time="0">
<skipped>
</skipped>
</testcase>
</testsuite>
</testsuites>